2021-07-23 12:24:46.105  INFO 3704 --- [main] t.e.s.SpringBootSecurityJwtApplication   : Starting SpringBootSecurityJwtApplication on DESKTOP-VRCCNM9 with PID 3704 (C:\Users\asus\Documents\workspace-sts-3.8.4.RELEASE\Gestion_Bancaire_SoftIB\target\classes started by Makrem in C:\Users\asus\Documents\workspace-sts-3.8.4.RELEASE\Gestion_Bancaire_SoftIB)
2021-07-23 12:24:46.114  INFO 3704 --- [main] t.e.s.SpringBootSecurityJwtApplication   : No active profile set, falling back to default profiles: default
2021-07-23 12:24:48.125  INFO 3704 --- [main] .s.d.r.c.RepositoryConfigurationDelegate : Bootstrapping Spring Data repositories in DEFAULT mode.
2021-07-23 12:24:48.363  INFO 3704 --- [main] .s.d.r.c.RepositoryConfigurationDelegate : Finished Spring Data repository scanning in 217ms. Found 13 repository interfaces.
2021-07-23 12:24:49.278  INFO 3704 --- [main] trationDelegate$BeanPostProcessorChecker : Bean 'org.springframework.transaction.annotation.ProxyTransactionManagementConfiguration' of type [org.springframework.transaction.annotation.ProxyTransactionManagementConfiguration$$EnhancerBySpringCGLIB$$156da9bd] is not eligible for getting processed by all BeanPostProcessors (for example: not eligible for auto-proxying)
2021-07-23 12:24:49.395  INFO 3704 --- [main] trationDelegate$BeanPostProcessorChecker : Bean 'org.springframework.security.config.annotation.configuration.ObjectPostProcessorConfiguration' of type [org.springframework.security.config.annotation.configuration.ObjectPostProcessorConfiguration$$EnhancerBySpringCGLIB$$ae1b71f7] is not eligible for getting processed by all BeanPostProcessors (for example: not eligible for auto-proxying)
2021-07-23 12:24:49.418  INFO 3704 --- [main] trationDelegate$BeanPostProcessorChecker : Bean 'objectPostProcessor' of type [org.springframework.security.config.annotation.configuration.AutowireBeanFactoryObjectPostProcessor] is not eligible for getting processed by all BeanPostProcessors (for example: not eligible for auto-proxying)
2021-07-23 12:24:49.426  INFO 3704 --- [main] trationDelegate$BeanPostProcessorChecker : Bean 'org.springframework.security.access.expression.method.DefaultMethodSecurityExpressionHandler@7c8326a4' of type [org.springframework.security.access.expression.method.DefaultMethodSecurityExpressionHandler] is not eligible for getting processed by all BeanPostProcessors (for example: not eligible for auto-proxying)
2021-07-23 12:24:49.435  INFO 3704 --- [main] trationDelegate$BeanPostProcessorChecker : Bean 'org.springframework.security.config.annotation.method.configuration.GlobalMethodSecurityConfiguration' of type [org.springframework.security.config.annotation.method.configuration.GlobalMethodSecurityConfiguration$$EnhancerBySpringCGLIB$$d2f014a9] is not eligible for getting processed by all BeanPostProcessors (for example: not eligible for auto-proxying)
2021-07-23 12:24:49.455  INFO 3704 --- [main] trationDelegate$BeanPostProcessorChecker : Bean 'methodSecurityMetadataSource' of type [org.springframework.security.access.method.DelegatingMethodSecurityMetadataSource] is not eligible for getting processed by all BeanPostProcessors (for example: not eligible for auto-proxying)
2021-07-23 12:24:50.102  INFO 3704 --- [main] o.s.b.w.embedded.tomcat.TomcatWebServer  : Tomcat initialized with port(s): 8080 (http)
2021-07-23 12:24:50.149  INFO 3704 --- [main] o.apache.catalina.core.StandardService   : Starting service [Tomcat]
2021-07-23 12:24:50.150  INFO 3704 --- [main] org.apache.catalina.core.StandardEngine  : Starting Servlet engine: [Apache Tomcat/9.0.24]
2021-07-23 12:24:50.625  INFO 3704 --- [main] o.a.c.c.C.[Tomcat].[localhost].[/]       : Initializing Spring embedded WebApplicationContext
2021-07-23 12:24:50.626  INFO 3704 --- [main] o.s.web.context.ContextLoader            : Root WebApplicationContext: initialization completed in 4243 ms
2021-07-23 12:24:51.279  INFO 3704 --- [main] com.zaxxer.hikari.HikariDataSource       : HikariPool-1 - Starting...
2021-07-23 12:24:51.820  INFO 3704 --- [main] com.zaxxer.hikari.HikariDataSource       : HikariPool-1 - Start completed.
2021-07-23 12:24:51.942  INFO 3704 --- [main] o.hibernate.jpa.internal.util.LogHelper  : HHH000204: Processing PersistenceUnitInfo [
	name: default
	...]
2021-07-23 12:24:52.109  INFO 3704 --- [main] org.hibernate.Version                    : HHH000412: Hibernate Core {5.3.11.Final}
2021-07-23 12:24:52.112  INFO 3704 --- [main] org.hibernate.cfg.Environment            : HHH000206: hibernate.properties not found
2021-07-23 12:24:52.494  INFO 3704 --- [main] o.hibernate.annotations.common.Version   : HCANN000001: Hibernate Commons Annotations {5.0.4.Final}
2021-07-23 12:24:52.844  INFO 3704 --- [main] org.hibernate.dialect.Dialect            : HHH000400: Using dialect: org.hibernate.dialect.MySQL5Dialect
2021-07-23 12:24:54.972  INFO 3704 --- [main] j.LocalContainerEntityManagerFactoryBean : Initialized JPA EntityManagerFactory for persistence unit 'default'
2021-07-23 12:24:55.994  INFO 3704 --- [main] o.h.h.i.QueryTranslatorFactoryInitiator  : HHH000397: Using ASTQueryTranslatorFactory
2021-07-23 12:24:56.817  WARN 3704 --- [main] aWebConfiguration$JpaWebMvcConfiguration : spring.jpa.open-in-view is enabled by default. Therefore, database queries may be performed during view rendering. Explicitly configure spring.jpa.open-in-view to disable this warning
2021-07-23 12:24:57.002  INFO 3704 --- [main] o.s.s.web.DefaultSecurityFilterChain     : Creating filter chain: any request, [org.springframework.security.web.context.request.async.WebAsyncManagerIntegrationFilter@611a2d82, org.springframework.security.web.context.SecurityContextPersistenceFilter@340fc1aa, org.springframework.security.web.header.HeaderWriterFilter@2a2798a2, org.springframework.web.filter.CorsFilter@6774f264, org.springframework.security.web.authentication.logout.LogoutFilter@46de118b, tn.esprit.spring.security.jwt.AuthTokenFilter@646e6d07, org.springframework.security.web.savedrequest.RequestCacheAwareFilter@98722ef, org.springframework.security.web.servletapi.SecurityContextHolderAwareRequestFilter@2adc1e84, org.springframework.security.web.authentication.AnonymousAuthenticationFilter@2299f6d7, org.springframework.security.web.session.SessionManagementFilter@7c682e26, org.springframework.security.web.access.ExceptionTranslationFilter@56499781, org.springframework.security.web.access.intercept.FilterSecurityInterceptor@fa11fda]
2021-07-23 12:24:57.225  INFO 3704 --- [main] o.s.s.concurrent.ThreadPoolTaskExecutor  : Initializing ExecutorService 'applicationTaskExecutor'
2021-07-23 12:24:57.577  INFO 3704 --- [main] o.s.b.w.embedded.tomcat.TomcatWebServer  : Tomcat started on port(s): 8080 (http) with context path ''
2021-07-23 12:24:57.580  INFO 3704 --- [main] t.e.s.SpringBootSecurityJwtApplication   : Started SpringBootSecurityJwtApplication in 12.207 seconds (JVM running for 14.009)
2021-07-23 12:26:21.005  INFO 3704 --- [http-nio-8080-exec-1] o.a.c.c.C.[Tomcat].[localhost].[/]       : Initializing Spring DispatcherServlet 'dispatcherServlet'
2021-07-23 12:26:21.006  INFO 3704 --- [http-nio-8080-exec-1] o.s.web.servlet.DispatcherServlet        : Initializing Servlet 'dispatcherServlet'
2021-07-23 12:26:21.023  INFO 3704 --- [http-nio-8080-exec-1] o.s.web.servlet.DispatcherServlet        : Completed initialization in 17 ms
2021-07-23 14:08:21.712  INFO 3704 --- [RMI TCP Connection(110)-127.0.0.1] inMXBeanRegistrar$SpringApplicationAdmin : Application shutdown requested.
2021-07-23 14:08:21.719  INFO 3704 --- [RMI TCP Connection(110)-127.0.0.1] o.s.s.concurrent.ThreadPoolTaskExecutor  : Shutting down ExecutorService 'applicationTaskExecutor'
2021-07-23 14:08:21.726  INFO 3704 --- [RMI TCP Connection(110)-127.0.0.1] j.LocalContainerEntityManagerFactoryBean : Closing JPA EntityManagerFactory for persistence unit 'default'
2021-07-23 14:08:21.730  INFO 3704 --- [RMI TCP Connection(110)-127.0.0.1] com.zaxxer.hikari.HikariDataSource       : HikariPool-1 - Shutdown initiated...
2021-07-23 14:08:21.739  INFO 3704 --- [RMI TCP Connection(110)-127.0.0.1] com.zaxxer.hikari.HikariDataSource       : HikariPool-1 - Shutdown completed.
2021-07-23 14:09:14.128  INFO 7280 --- [main] t.e.s.SpringBootSecurityJwtApplication   : Starting SpringBootSecurityJwtApplication on DESKTOP-VRCCNM9 with PID 7280 (C:\Users\asus\Documents\workspace-sts-3.8.4.RELEASE\Gestion_Bancaire_SoftIB\target\classes started by Makrem in C:\Users\asus\Documents\workspace-sts-3.8.4.RELEASE\Gestion_Bancaire_SoftIB)
2021-07-23 14:09:14.132  INFO 7280 --- [main] t.e.s.SpringBootSecurityJwtApplication   : No active profile set, falling back to default profiles: default
2021-07-23 14:09:15.605  INFO 7280 --- [main] .s.d.r.c.RepositoryConfigurationDelegate : Bootstrapping Spring Data repositories in DEFAULT mode.
2021-07-23 14:09:15.832  INFO 7280 --- [main] .s.d.r.c.RepositoryConfigurationDelegate : Finished Spring Data repository scanning in 208ms. Found 13 repository interfaces.
2021-07-23 14:09:16.665  INFO 7280 --- [main] trationDelegate$BeanPostProcessorChecker : Bean 'org.springframework.transaction.annotation.ProxyTransactionManagementConfiguration' of type [org.springframework.transaction.annotation.ProxyTransactionManagementConfiguration$$EnhancerBySpringCGLIB$$59e1aea7] is not eligible for getting processed by all BeanPostProcessors (for example: not eligible for auto-proxying)
2021-07-23 14:09:16.761  INFO 7280 --- [main] trationDelegate$BeanPostProcessorChecker : Bean 'org.springframework.security.config.annotation.configuration.ObjectPostProcessorConfiguration' of type [org.springframework.security.config.annotation.configuration.ObjectPostProcessorConfiguration$$EnhancerBySpringCGLIB$$f28f76e1] is not eligible for getting processed by all BeanPostProcessors (for example: not eligible for auto-proxying)
2021-07-23 14:09:16.771  INFO 7280 --- [main] trationDelegate$BeanPostProcessorChecker : Bean 'objectPostProcessor' of type [org.springframework.security.config.annotation.configuration.AutowireBeanFactoryObjectPostProcessor] is not eligible for getting processed by all BeanPostProcessors (for example: not eligible for auto-proxying)
2021-07-23 14:09:16.775  INFO 7280 --- [main] trationDelegate$BeanPostProcessorChecker : Bean 'org.springframework.security.access.expression.method.DefaultMethodSecurityExpressionHandler@736ac09a' of type [org.springframework.security.access.expression.method.DefaultMethodSecurityExpressionHandler] is not eligible for getting processed by all BeanPostProcessors (for example: not eligible for auto-proxying)
2021-07-23 14:09:16.777  INFO 7280 --- [main] trationDelegate$BeanPostProcessorChecker : Bean 'org.springframework.security.config.annotation.method.configuration.GlobalMethodSecurityConfiguration' of type [org.springframework.security.config.annotation.method.configuration.GlobalMethodSecurityConfiguration$$EnhancerBySpringCGLIB$$17641993] is not eligible for getting processed by all BeanPostProcessors (for example: not eligible for auto-proxying)
2021-07-23 14:09:16.783  INFO 7280 --- [main] trationDelegate$BeanPostProcessorChecker : Bean 'methodSecurityMetadataSource' of type [org.springframework.security.access.method.DelegatingMethodSecurityMetadataSource] is not eligible for getting processed by all BeanPostProcessors (for example: not eligible for auto-proxying)
2021-07-23 14:09:17.437  INFO 7280 --- [main] o.s.b.w.embedded.tomcat.TomcatWebServer  : Tomcat initialized with port(s): 8080 (http)
2021-07-23 14:09:17.478  INFO 7280 --- [main] o.apache.catalina.core.StandardService   : Starting service [Tomcat]
2021-07-23 14:09:17.479  INFO 7280 --- [main] org.apache.catalina.core.StandardEngine  : Starting Servlet engine: [Apache Tomcat/9.0.24]
2021-07-23 14:09:17.755  INFO 7280 --- [main] o.a.c.c.C.[Tomcat].[localhost].[/]       : Initializing Spring embedded WebApplicationContext
2021-07-23 14:09:17.756  INFO 7280 --- [main] o.s.web.context.ContextLoader            : Root WebApplicationContext: initialization completed in 3527 ms
2021-07-23 14:09:18.210  INFO 7280 --- [main] com.zaxxer.hikari.HikariDataSource       : HikariPool-1 - Starting...
2021-07-23 14:09:18.723  INFO 7280 --- [main] com.zaxxer.hikari.HikariDataSource       : HikariPool-1 - Start completed.
2021-07-23 14:09:18.831  INFO 7280 --- [main] o.hibernate.jpa.internal.util.LogHelper  : HHH000204: Processing PersistenceUnitInfo [
	name: default
	...]
2021-07-23 14:09:18.963  INFO 7280 --- [main] org.hibernate.Version                    : HHH000412: Hibernate Core {5.3.11.Final}
2021-07-23 14:09:18.966  INFO 7280 --- [main] org.hibernate.cfg.Environment            : HHH000206: hibernate.properties not found
2021-07-23 14:09:19.244  INFO 7280 --- [main] o.hibernate.annotations.common.Version   : HCANN000001: Hibernate Commons Annotations {5.0.4.Final}
2021-07-23 14:09:19.752  INFO 7280 --- [main] org.hibernate.dialect.Dialect            : HHH000400: Using dialect: org.hibernate.dialect.MySQL5Dialect
2021-07-23 14:09:21.691  INFO 7280 --- [main] j.LocalContainerEntityManagerFactoryBean : Initialized JPA EntityManagerFactory for persistence unit 'default'
2021-07-23 14:09:22.682  INFO 7280 --- [main] o.h.h.i.QueryTranslatorFactoryInitiator  : HHH000397: Using ASTQueryTranslatorFactory
2021-07-23 14:09:23.370  WARN 7280 --- [main] aWebConfiguration$JpaWebMvcConfiguration : spring.jpa.open-in-view is enabled by default. Therefore, database queries may be performed during view rendering. Explicitly configure spring.jpa.open-in-view to disable this warning
2021-07-23 14:09:23.536  INFO 7280 --- [main] o.s.s.web.DefaultSecurityFilterChain     : Creating filter chain: any request, [org.springframework.security.web.context.request.async.WebAsyncManagerIntegrationFilter@4583b617, org.springframework.security.web.context.SecurityContextPersistenceFilter@43b4ec0c, org.springframework.security.web.header.HeaderWriterFilter@795faad, org.springframework.web.filter.CorsFilter@22a63740, org.springframework.security.web.authentication.logout.LogoutFilter@3f80d8c, tn.esprit.spring.security.jwt.AuthTokenFilter@362a6aa5, org.springframework.security.web.savedrequest.RequestCacheAwareFilter@5ee581db, org.springframework.security.web.servletapi.SecurityContextHolderAwareRequestFilter@2047adea, org.springframework.security.web.authentication.AnonymousAuthenticationFilter@211da640, org.springframework.security.web.session.SessionManagementFilter@49a06087, org.springframework.security.web.access.ExceptionTranslationFilter@28dacf31, org.springframework.security.web.access.intercept.FilterSecurityInterceptor@2474df51]
2021-07-23 14:09:23.785  INFO 7280 --- [main] o.s.s.concurrent.ThreadPoolTaskExecutor  : Initializing ExecutorService 'applicationTaskExecutor'
2021-07-23 14:09:24.108  INFO 7280 --- [main] o.s.b.w.embedded.tomcat.TomcatWebServer  : Tomcat started on port(s): 8080 (http) with context path ''
2021-07-23 14:09:24.111  INFO 7280 --- [main] t.e.s.SpringBootSecurityJwtApplication   : Started SpringBootSecurityJwtApplication in 10.622 seconds (JVM running for 11.616)
2021-07-23 14:31:55.722  INFO 7280 --- [RMI TCP Connection(31)-127.0.0.1] inMXBeanRegistrar$SpringApplicationAdmin : Application shutdown requested.
2021-07-23 14:31:55.725  INFO 7280 --- [RMI TCP Connection(31)-127.0.0.1] o.s.s.concurrent.ThreadPoolTaskExecutor  : Shutting down ExecutorService 'applicationTaskExecutor'
2021-07-23 14:31:55.759  INFO 7280 --- [RMI TCP Connection(31)-127.0.0.1] j.LocalContainerEntityManagerFactoryBean : Closing JPA EntityManagerFactory for persistence unit 'default'
2021-07-23 14:31:55.762  INFO 7280 --- [RMI TCP Connection(31)-127.0.0.1] com.zaxxer.hikari.HikariDataSource       : HikariPool-1 - Shutdown initiated...
2021-07-23 14:31:55.779  INFO 7280 --- [RMI TCP Connection(31)-127.0.0.1] com.zaxxer.hikari.HikariDataSource       : HikariPool-1 - Shutdown completed.
