2021-07-28 10:04:02.437  INFO 10172 --- [main] t.e.s.SpringBootSecurityJwtApplication   : Starting SpringBootSecurityJwtApplication on DESKTOP-VRCCNM9 with PID 10172 (C:\Users\asus\git\Gestion_Bancaire_SoftIB\target\classes started by Makrem in C:\Users\asus\git\Gestion_Bancaire_SoftIB)
2021-07-28 10:04:02.447  INFO 10172 --- [main] t.e.s.SpringBootSecurityJwtApplication   : No active profile set, falling back to default profiles: default
2021-07-28 10:04:04.443  INFO 10172 --- [main] .s.d.r.c.RepositoryConfigurationDelegate : Bootstrapping Spring Data repositories in DEFAULT mode.
2021-07-28 10:04:04.726  INFO 10172 --- [main] .s.d.r.c.RepositoryConfigurationDelegate : Finished Spring Data repository scanning in 264ms. Found 14 repository interfaces.
2021-07-28 10:04:05.561  INFO 10172 --- [main] trationDelegate$BeanPostProcessorChecker : Bean 'org.springframework.transaction.annotation.ProxyTransactionManagementConfiguration' of type [org.springframework.transaction.annotation.ProxyTransactionManagementConfiguration$$EnhancerBySpringCGLIB$$dfb8f78] is not eligible for getting processed by all BeanPostProcessors (for example: not eligible for auto-proxying)
2021-07-28 10:04:05.642  INFO 10172 --- [main] trationDelegate$BeanPostProcessorChecker : Bean 'org.springframework.security.config.annotation.configuration.ObjectPostProcessorConfiguration' of type [org.springframework.security.config.annotation.configuration.ObjectPostProcessorConfiguration$$EnhancerBySpringCGLIB$$a6a957b2] is not eligible for getting processed by all BeanPostProcessors (for example: not eligible for auto-proxying)
2021-07-28 10:04:05.653  INFO 10172 --- [main] trationDelegate$BeanPostProcessorChecker : Bean 'objectPostProcessor' of type [org.springframework.security.config.annotation.configuration.AutowireBeanFactoryObjectPostProcessor] is not eligible for getting processed by all BeanPostProcessors (for example: not eligible for auto-proxying)
2021-07-28 10:04:05.656  INFO 10172 --- [main] trationDelegate$BeanPostProcessorChecker : Bean 'org.springframework.security.access.expression.method.DefaultMethodSecurityExpressionHandler@1b32cd16' of type [org.springframework.security.access.expression.method.DefaultMethodSecurityExpressionHandler] is not eligible for getting processed by all BeanPostProcessors (for example: not eligible for auto-proxying)
2021-07-28 10:04:05.660  INFO 10172 --- [main] trationDelegate$BeanPostProcessorChecker : Bean 'org.springframework.security.config.annotation.method.configuration.GlobalMethodSecurityConfiguration' of type [org.springframework.security.config.annotation.method.configuration.GlobalMethodSecurityConfiguration$$EnhancerBySpringCGLIB$$cb7dfa64] is not eligible for getting processed by all BeanPostProcessors (for example: not eligible for auto-proxying)
2021-07-28 10:04:05.668  INFO 10172 --- [main] trationDelegate$BeanPostProcessorChecker : Bean 'methodSecurityMetadataSource' of type [org.springframework.security.access.method.DelegatingMethodSecurityMetadataSource] is not eligible for getting processed by all BeanPostProcessors (for example: not eligible for auto-proxying)
2021-07-28 10:04:06.243  INFO 10172 --- [main] o.s.b.w.embedded.tomcat.TomcatWebServer  : Tomcat initialized with port(s): 8080 (http)
2021-07-28 10:04:06.285  INFO 10172 --- [main] o.apache.catalina.core.StandardService   : Starting service [Tomcat]
2021-07-28 10:04:06.286  INFO 10172 --- [main] org.apache.catalina.core.StandardEngine  : Starting Servlet engine: [Apache Tomcat/9.0.24]
2021-07-28 10:04:06.572  INFO 10172 --- [main] o.a.c.c.C.[Tomcat].[localhost].[/]       : Initializing Spring embedded WebApplicationContext
2021-07-28 10:04:06.581  INFO 10172 --- [main] o.s.web.context.ContextLoader            : Root WebApplicationContext: initialization completed in 3948 ms
2021-07-28 10:04:07.271  INFO 10172 --- [main] com.zaxxer.hikari.HikariDataSource       : HikariPool-1 - Starting...
2021-07-28 10:04:07.873  INFO 10172 --- [main] com.zaxxer.hikari.HikariDataSource       : HikariPool-1 - Start completed.
2021-07-28 10:04:07.994  INFO 10172 --- [main] o.hibernate.jpa.internal.util.LogHelper  : HHH000204: Processing PersistenceUnitInfo [
	name: default
	...]
2021-07-28 10:04:08.191  INFO 10172 --- [main] org.hibernate.Version                    : HHH000412: Hibernate Core {5.3.11.Final}
2021-07-28 10:04:08.194  INFO 10172 --- [main] org.hibernate.cfg.Environment            : HHH000206: hibernate.properties not found
2021-07-28 10:04:08.585  INFO 10172 --- [main] o.hibernate.annotations.common.Version   : HCANN000001: Hibernate Commons Annotations {5.0.4.Final}
2021-07-28 10:04:09.133  INFO 10172 --- [main] org.hibernate.dialect.Dialect            : HHH000400: Using dialect: org.hibernate.dialect.MySQL5Dialect
2021-07-28 10:04:11.200  INFO 10172 --- [main] j.LocalContainerEntityManagerFactoryBean : Initialized JPA EntityManagerFactory for persistence unit 'default'
2021-07-28 10:04:12.129  INFO 10172 --- [main] o.h.h.i.QueryTranslatorFactoryInitiator  : HHH000397: Using ASTQueryTranslatorFactory
2021-07-28 10:04:13.001  WARN 10172 --- [main] aWebConfiguration$JpaWebMvcConfiguration : spring.jpa.open-in-view is enabled by default. Therefore, database queries may be performed during view rendering. Explicitly configure spring.jpa.open-in-view to disable this warning
2021-07-28 10:04:13.185  INFO 10172 --- [main] o.s.s.web.DefaultSecurityFilterChain     : Creating filter chain: any request, [org.springframework.security.web.context.request.async.WebAsyncManagerIntegrationFilter@38c55a8a, org.springframework.security.web.context.SecurityContextPersistenceFilter@d978ab9, org.springframework.security.web.header.HeaderWriterFilter@5b59c3d, org.springframework.web.filter.CorsFilter@1d7f7962, org.springframework.security.web.authentication.logout.LogoutFilter@7d3bcd3, tn.esprit.spring.security.jwt.AuthTokenFilter@ca2cd5e, org.springframework.security.web.savedrequest.RequestCacheAwareFilter@71ee2fff, org.springframework.security.web.servletapi.SecurityContextHolderAwareRequestFilter@36638b59, org.springframework.security.web.authentication.AnonymousAuthenticationFilter@32d1d6c5, org.springframework.security.web.session.SessionManagementFilter@d180961, org.springframework.security.web.access.ExceptionTranslationFilter@2f61de04, org.springframework.security.web.access.intercept.FilterSecurityInterceptor@69d58731]
2021-07-28 10:04:13.409  INFO 10172 --- [main] o.s.s.concurrent.ThreadPoolTaskExecutor  : Initializing ExecutorService 'applicationTaskExecutor'
2021-07-28 10:04:13.728  INFO 10172 --- [main] o.s.b.w.embedded.tomcat.TomcatWebServer  : Tomcat started on port(s): 8080 (http) with context path ''
2021-07-28 10:04:13.731  INFO 10172 --- [main] t.e.s.SpringBootSecurityJwtApplication   : Started SpringBootSecurityJwtApplication in 12.171 seconds (JVM running for 14.189)
2021-07-28 10:04:41.517  INFO 10172 --- [http-nio-8080-exec-1] o.a.c.c.C.[Tomcat].[localhost].[/]       : Initializing Spring DispatcherServlet 'dispatcherServlet'
2021-07-28 10:04:41.517  INFO 10172 --- [http-nio-8080-exec-1] o.s.web.servlet.DispatcherServlet        : Initializing Servlet 'dispatcherServlet'
2021-07-28 10:04:41.533  INFO 10172 --- [http-nio-8080-exec-1] o.s.web.servlet.DispatcherServlet        : Completed initialization in 15 ms
2021-07-28 10:04:41.797  WARN 10172 --- [http-nio-8080-exec-1] .w.s.m.s.DefaultHandlerExceptionResolver : Resolved [org.springframework.http.converter.HttpMessageNotReadableException: JSON parse error: Cannot deserialize instance of `java.util.HashSet` out of VALUE_STRING token; nested exception is com.fasterxml.jackson.databind.exc.MismatchedInputException: Cannot deserialize instance of `java.util.HashSet` out of VALUE_STRING token
 at [Source: (PushbackInputStream); line: 2, column: 79] (through reference chain: tn.esprit.spring.payload.request.SignupRequest["role"])]
2021-07-28 10:19:13.537  INFO 10172 --- [RMI TCP Connection(23)-127.0.0.1] inMXBeanRegistrar$SpringApplicationAdmin : Application shutdown requested.
2021-07-28 10:19:13.542  INFO 10172 --- [RMI TCP Connection(23)-127.0.0.1] o.s.s.concurrent.ThreadPoolTaskExecutor  : Shutting down ExecutorService 'applicationTaskExecutor'
2021-07-28 10:19:13.557  INFO 10172 --- [RMI TCP Connection(23)-127.0.0.1] j.LocalContainerEntityManagerFactoryBean : Closing JPA EntityManagerFactory for persistence unit 'default'
2021-07-28 10:19:13.560  INFO 10172 --- [RMI TCP Connection(23)-127.0.0.1] com.zaxxer.hikari.HikariDataSource       : HikariPool-1 - Shutdown initiated...
2021-07-28 10:19:13.584  INFO 10172 --- [RMI TCP Connection(23)-127.0.0.1] com.zaxxer.hikari.HikariDataSource       : HikariPool-1 - Shutdown completed.
2021-07-28 10:19:25.176  INFO 17628 --- [main] t.e.s.SpringBootSecurityJwtApplication   : Starting SpringBootSecurityJwtApplication on DESKTOP-VRCCNM9 with PID 17628 (C:\Users\asus\git\Gestion_Bancaire_SoftIB\target\classes started by Makrem in C:\Users\asus\git\Gestion_Bancaire_SoftIB)
2021-07-28 10:19:25.180  INFO 17628 --- [main] t.e.s.SpringBootSecurityJwtApplication   : No active profile set, falling back to default profiles: default
2021-07-28 10:19:26.521  INFO 17628 --- [main] .s.d.r.c.RepositoryConfigurationDelegate : Bootstrapping Spring Data repositories in DEFAULT mode.
2021-07-28 10:19:26.831  INFO 17628 --- [main] .s.d.r.c.RepositoryConfigurationDelegate : Finished Spring Data repository scanning in 295ms. Found 14 repository interfaces.
2021-07-28 10:19:27.444  INFO 17628 --- [main] trationDelegate$BeanPostProcessorChecker : Bean 'org.springframework.transaction.annotation.ProxyTransactionManagementConfiguration' of type [org.springframework.transaction.annotation.ProxyTransactionManagementConfiguration$$EnhancerBySpringCGLIB$$a2f9bf13] is not eligible for getting processed by all BeanPostProcessors (for example: not eligible for auto-proxying)
2021-07-28 10:19:27.515  INFO 17628 --- [main] trationDelegate$BeanPostProcessorChecker : Bean 'org.springframework.security.config.annotation.configuration.ObjectPostProcessorConfiguration' of type [org.springframework.security.config.annotation.configuration.ObjectPostProcessorConfiguration$$EnhancerBySpringCGLIB$$3ba7874d] is not eligible for getting processed by all BeanPostProcessors (for example: not eligible for auto-proxying)
2021-07-28 10:19:27.531  INFO 17628 --- [main] trationDelegate$BeanPostProcessorChecker : Bean 'objectPostProcessor' of type [org.springframework.security.config.annotation.configuration.AutowireBeanFactoryObjectPostProcessor] is not eligible for getting processed by all BeanPostProcessors (for example: not eligible for auto-proxying)
2021-07-28 10:19:27.538  INFO 17628 --- [main] trationDelegate$BeanPostProcessorChecker : Bean 'org.springframework.security.access.expression.method.DefaultMethodSecurityExpressionHandler@7c974942' of type [org.springframework.security.access.expression.method.DefaultMethodSecurityExpressionHandler] is not eligible for getting processed by all BeanPostProcessors (for example: not eligible for auto-proxying)
2021-07-28 10:19:27.541  INFO 17628 --- [main] trationDelegate$BeanPostProcessorChecker : Bean 'org.springframework.security.config.annotation.method.configuration.GlobalMethodSecurityConfiguration' of type [org.springframework.security.config.annotation.method.configuration.GlobalMethodSecurityConfiguration$$EnhancerBySpringCGLIB$$607c29ff] is not eligible for getting processed by all BeanPostProcessors (for example: not eligible for auto-proxying)
2021-07-28 10:19:27.550  INFO 17628 --- [main] trationDelegate$BeanPostProcessorChecker : Bean 'methodSecurityMetadataSource' of type [org.springframework.security.access.method.DelegatingMethodSecurityMetadataSource] is not eligible for getting processed by all BeanPostProcessors (for example: not eligible for auto-proxying)
2021-07-28 10:19:28.065  INFO 17628 --- [main] o.s.b.w.embedded.tomcat.TomcatWebServer  : Tomcat initialized with port(s): 8080 (http)
2021-07-28 10:19:28.110  INFO 17628 --- [main] o.apache.catalina.core.StandardService   : Starting service [Tomcat]
2021-07-28 10:19:28.111  INFO 17628 --- [main] org.apache.catalina.core.StandardEngine  : Starting Servlet engine: [Apache Tomcat/9.0.24]
2021-07-28 10:19:28.339  INFO 17628 --- [main] o.a.c.c.C.[Tomcat].[localhost].[/]       : Initializing Spring embedded WebApplicationContext
2021-07-28 10:19:28.340  INFO 17628 --- [main] o.s.web.context.ContextLoader            : Root WebApplicationContext: initialization completed in 3096 ms
2021-07-28 10:19:28.806  INFO 17628 --- [main] com.zaxxer.hikari.HikariDataSource       : HikariPool-1 - Starting...
2021-07-28 10:19:29.318  INFO 17628 --- [main] com.zaxxer.hikari.HikariDataSource       : HikariPool-1 - Start completed.
2021-07-28 10:19:29.417  INFO 17628 --- [main] o.hibernate.jpa.internal.util.LogHelper  : HHH000204: Processing PersistenceUnitInfo [
	name: default
	...]
2021-07-28 10:19:29.613  INFO 17628 --- [main] org.hibernate.Version                    : HHH000412: Hibernate Core {5.3.11.Final}
2021-07-28 10:19:29.618  INFO 17628 --- [main] org.hibernate.cfg.Environment            : HHH000206: hibernate.properties not found
2021-07-28 10:19:30.135  INFO 17628 --- [main] o.hibernate.annotations.common.Version   : HCANN000001: Hibernate Commons Annotations {5.0.4.Final}
2021-07-28 10:19:30.441  INFO 17628 --- [main] org.hibernate.dialect.Dialect            : HHH000400: Using dialect: org.hibernate.dialect.MySQL5Dialect
2021-07-28 10:19:32.455  INFO 17628 --- [main] j.LocalContainerEntityManagerFactoryBean : Initialized JPA EntityManagerFactory for persistence unit 'default'
2021-07-28 10:19:33.324  INFO 17628 --- [main] o.h.h.i.QueryTranslatorFactoryInitiator  : HHH000397: Using ASTQueryTranslatorFactory
2021-07-28 10:19:34.103  WARN 17628 --- [main] aWebConfiguration$JpaWebMvcConfiguration : spring.jpa.open-in-view is enabled by default. Therefore, database queries may be performed during view rendering. Explicitly configure spring.jpa.open-in-view to disable this warning
2021-07-28 10:19:34.287  INFO 17628 --- [main] o.s.s.web.DefaultSecurityFilterChain     : Creating filter chain: any request, [org.springframework.security.web.context.request.async.WebAsyncManagerIntegrationFilter@35d88a54, org.springframework.security.web.context.SecurityContextPersistenceFilter@539ee811, org.springframework.security.web.header.HeaderWriterFilter@5be69f7e, org.springframework.web.filter.CorsFilter@6c1bebca, org.springframework.security.web.authentication.logout.LogoutFilter@405603b6, tn.esprit.spring.security.jwt.AuthTokenFilter@51de5efa, org.springframework.security.web.savedrequest.RequestCacheAwareFilter@2cacb445, org.springframework.security.web.servletapi.SecurityContextHolderAwareRequestFilter@30a62a5b, org.springframework.security.web.authentication.AnonymousAuthenticationFilter@3d4818e8, org.springframework.security.web.session.SessionManagementFilter@6b0ba697, org.springframework.security.web.access.ExceptionTranslationFilter@5c25daad, org.springframework.security.web.access.intercept.FilterSecurityInterceptor@1a02ebe0]
2021-07-28 10:19:34.531  INFO 17628 --- [main] o.s.s.concurrent.ThreadPoolTaskExecutor  : Initializing ExecutorService 'applicationTaskExecutor'
2021-07-28 10:19:34.908  INFO 17628 --- [main] o.s.b.w.embedded.tomcat.TomcatWebServer  : Tomcat started on port(s): 8080 (http) with context path ''
2021-07-28 10:19:34.910  INFO 17628 --- [main] t.e.s.SpringBootSecurityJwtApplication   : Started SpringBootSecurityJwtApplication in 10.365 seconds (JVM running for 11.415)
2021-07-28 10:19:44.418  INFO 17628 --- [http-nio-8080-exec-2] o.a.c.c.C.[Tomcat].[localhost].[/]       : Initializing Spring DispatcherServlet 'dispatcherServlet'
2021-07-28 10:19:44.419  INFO 17628 --- [http-nio-8080-exec-2] o.s.web.servlet.DispatcherServlet        : Initializing Servlet 'dispatcherServlet'
2021-07-28 10:19:44.453  INFO 17628 --- [http-nio-8080-exec-2] o.s.web.servlet.DispatcherServlet        : Completed initialization in 34 ms
2021-07-28 10:24:13.956  INFO 17628 --- [RMI TCP Connection(13)-127.0.0.1] inMXBeanRegistrar$SpringApplicationAdmin : Application shutdown requested.
2021-07-28 10:24:13.964  INFO 17628 --- [RMI TCP Connection(13)-127.0.0.1] o.s.s.concurrent.ThreadPoolTaskExecutor  : Shutting down ExecutorService 'applicationTaskExecutor'
2021-07-28 10:24:13.989  INFO 17628 --- [RMI TCP Connection(13)-127.0.0.1] j.LocalContainerEntityManagerFactoryBean : Closing JPA EntityManagerFactory for persistence unit 'default'
2021-07-28 10:24:13.993  INFO 17628 --- [RMI TCP Connection(13)-127.0.0.1] com.zaxxer.hikari.HikariDataSource       : HikariPool-1 - Shutdown initiated...
2021-07-28 10:24:14.016  INFO 17628 --- [RMI TCP Connection(13)-127.0.0.1] com.zaxxer.hikari.HikariDataSource       : HikariPool-1 - Shutdown completed.
2021-07-28 10:24:20.514  INFO 14988 --- [main] t.e.s.SpringBootSecurityJwtApplication   : Starting SpringBootSecurityJwtApplication on DESKTOP-VRCCNM9 with PID 14988 (C:\Users\asus\git\Gestion_Bancaire_SoftIB\target\classes started by Makrem in C:\Users\asus\git\Gestion_Bancaire_SoftIB)
2021-07-28 10:24:20.519  INFO 14988 --- [main] t.e.s.SpringBootSecurityJwtApplication   : No active profile set, falling back to default profiles: default
2021-07-28 10:24:22.011  INFO 14988 --- [main] .s.d.r.c.RepositoryConfigurationDelegate : Bootstrapping Spring Data repositories in DEFAULT mode.
2021-07-28 10:24:22.224  INFO 14988 --- [main] .s.d.r.c.RepositoryConfigurationDelegate : Finished Spring Data repository scanning in 199ms. Found 14 repository interfaces.
2021-07-28 10:24:22.854  INFO 14988 --- [main] trationDelegate$BeanPostProcessorChecker : Bean 'org.springframework.transaction.annotation.ProxyTransactionManagementConfiguration' of type [org.springframework.transaction.annotation.ProxyTransactionManagementConfiguration$$EnhancerBySpringCGLIB$$9108ce8] is not eligible for getting processed by all BeanPostProcessors (for example: not eligible for auto-proxying)
2021-07-28 10:24:22.933  INFO 14988 --- [main] trationDelegate$BeanPostProcessorChecker : Bean 'org.springframework.security.config.annotation.configuration.ObjectPostProcessorConfiguration' of type [org.springframework.security.config.annotation.configuration.ObjectPostProcessorConfiguration$$EnhancerBySpringCGLIB$$a1be5522] is not eligible for getting processed by all BeanPostProcessors (for example: not eligible for auto-proxying)
2021-07-28 10:24:22.941  INFO 14988 --- [main] trationDelegate$BeanPostProcessorChecker : Bean 'objectPostProcessor' of type [org.springframework.security.config.annotation.configuration.AutowireBeanFactoryObjectPostProcessor] is not eligible for getting processed by all BeanPostProcessors (for example: not eligible for auto-proxying)
2021-07-28 10:24:22.944  INFO 14988 --- [main] trationDelegate$BeanPostProcessorChecker : Bean 'org.springframework.security.access.expression.method.DefaultMethodSecurityExpressionHandler@1b9c1b51' of type [org.springframework.security.access.expression.method.DefaultMethodSecurityExpressionHandler] is not eligible for getting processed by all BeanPostProcessors (for example: not eligible for auto-proxying)
2021-07-28 10:24:22.947  INFO 14988 --- [main] trationDelegate$BeanPostProcessorChecker : Bean 'org.springframework.security.config.annotation.method.configuration.GlobalMethodSecurityConfiguration' of type [org.springframework.security.config.annotation.method.configuration.GlobalMethodSecurityConfiguration$$EnhancerBySpringCGLIB$$c692f7d4] is not eligible for getting processed by all BeanPostProcessors (for example: not eligible for auto-proxying)
2021-07-28 10:24:22.954  INFO 14988 --- [main] trationDelegate$BeanPostProcessorChecker : Bean 'methodSecurityMetadataSource' of type [org.springframework.security.access.method.DelegatingMethodSecurityMetadataSource] is not eligible for getting processed by all BeanPostProcessors (for example: not eligible for auto-proxying)
2021-07-28 10:24:23.482  INFO 14988 --- [main] o.s.b.w.embedded.tomcat.TomcatWebServer  : Tomcat initialized with port(s): 8080 (http)
2021-07-28 10:24:23.525  INFO 14988 --- [main] o.apache.catalina.core.StandardService   : Starting service [Tomcat]
2021-07-28 10:24:23.526  INFO 14988 --- [main] org.apache.catalina.core.StandardEngine  : Starting Servlet engine: [Apache Tomcat/9.0.24]
2021-07-28 10:24:23.894  INFO 14988 --- [main] o.a.c.c.C.[Tomcat].[localhost].[/]       : Initializing Spring embedded WebApplicationContext
2021-07-28 10:24:23.895  INFO 14988 --- [main] o.s.web.context.ContextLoader            : Root WebApplicationContext: initialization completed in 3264 ms
2021-07-28 10:24:24.341  INFO 14988 --- [main] com.zaxxer.hikari.HikariDataSource       : HikariPool-1 - Starting...
2021-07-28 10:24:24.880  INFO 14988 --- [main] com.zaxxer.hikari.HikariDataSource       : HikariPool-1 - Start completed.
2021-07-28 10:24:25.004  INFO 14988 --- [main] o.hibernate.jpa.internal.util.LogHelper  : HHH000204: Processing PersistenceUnitInfo [
	name: default
	...]
2021-07-28 10:24:25.144  INFO 14988 --- [main] org.hibernate.Version                    : HHH000412: Hibernate Core {5.3.11.Final}
2021-07-28 10:24:25.148  INFO 14988 --- [main] org.hibernate.cfg.Environment            : HHH000206: hibernate.properties not found
2021-07-28 10:24:25.462  INFO 14988 --- [main] o.hibernate.annotations.common.Version   : HCANN000001: Hibernate Commons Annotations {5.0.4.Final}
2021-07-28 10:24:25.768  INFO 14988 --- [main] org.hibernate.dialect.Dialect            : HHH000400: Using dialect: org.hibernate.dialect.MySQL5Dialect
2021-07-28 10:24:27.802  INFO 14988 --- [main] j.LocalContainerEntityManagerFactoryBean : Initialized JPA EntityManagerFactory for persistence unit 'default'
2021-07-28 10:24:28.698  INFO 14988 --- [main] o.h.h.i.QueryTranslatorFactoryInitiator  : HHH000397: Using ASTQueryTranslatorFactory
2021-07-28 10:24:29.474  WARN 14988 --- [main] aWebConfiguration$JpaWebMvcConfiguration : spring.jpa.open-in-view is enabled by default. Therefore, database queries may be performed during view rendering. Explicitly configure spring.jpa.open-in-view to disable this warning
2021-07-28 10:24:29.667  INFO 14988 --- [main] o.s.s.web.DefaultSecurityFilterChain     : Creating filter chain: any request, [org.springframework.security.web.context.request.async.WebAsyncManagerIntegrationFilter@1a4cbcc6, org.springframework.security.web.context.SecurityContextPersistenceFilter@3df04fa1, org.springframework.security.web.header.HeaderWriterFilter@2862271a, org.springframework.web.filter.CorsFilter@7cecab19, org.springframework.security.web.authentication.logout.LogoutFilter@3400d6fa, tn.esprit.spring.security.jwt.AuthTokenFilter@3fc1abf, org.springframework.security.web.savedrequest.RequestCacheAwareFilter@6fdc2db6, org.springframework.security.web.servletapi.SecurityContextHolderAwareRequestFilter@178dc733, org.springframework.security.web.authentication.AnonymousAuthenticationFilter@56402642, org.springframework.security.web.session.SessionManagementFilter@6cbbfe29, org.springframework.security.web.access.ExceptionTranslationFilter@294ebe11, org.springframework.security.web.access.intercept.FilterSecurityInterceptor@6ef4297d]
2021-07-28 10:24:29.909  INFO 14988 --- [main] o.s.s.concurrent.ThreadPoolTaskExecutor  : Initializing ExecutorService 'applicationTaskExecutor'
2021-07-28 10:24:30.234  INFO 14988 --- [main] o.s.b.w.embedded.tomcat.TomcatWebServer  : Tomcat started on port(s): 8080 (http) with context path ''
2021-07-28 10:24:30.237  INFO 14988 --- [main] t.e.s.SpringBootSecurityJwtApplication   : Started SpringBootSecurityJwtApplication in 10.311 seconds (JVM running for 11.329)
2021-07-28 10:25:04.938  INFO 14988 --- [http-nio-8080-exec-3] o.a.c.c.C.[Tomcat].[localhost].[/]       : Initializing Spring DispatcherServlet 'dispatcherServlet'
2021-07-28 10:25:04.939  INFO 14988 --- [http-nio-8080-exec-3] o.s.web.servlet.DispatcherServlet        : Initializing Servlet 'dispatcherServlet'
2021-07-28 10:25:04.955  INFO 14988 --- [http-nio-8080-exec-3] o.s.web.servlet.DispatcherServlet        : Completed initialization in 15 ms
2021-07-28 10:39:48.079  INFO 14988 --- [RMI TCP Connection(21)-127.0.0.1] inMXBeanRegistrar$SpringApplicationAdmin : Application shutdown requested.
2021-07-28 10:39:48.086  INFO 14988 --- [RMI TCP Connection(21)-127.0.0.1] o.s.s.concurrent.ThreadPoolTaskExecutor  : Shutting down ExecutorService 'applicationTaskExecutor'
2021-07-28 10:39:48.095  INFO 14988 --- [RMI TCP Connection(21)-127.0.0.1] j.LocalContainerEntityManagerFactoryBean : Closing JPA EntityManagerFactory for persistence unit 'default'
2021-07-28 10:39:48.098  INFO 14988 --- [RMI TCP Connection(21)-127.0.0.1] com.zaxxer.hikari.HikariDataSource       : HikariPool-1 - Shutdown initiated...
2021-07-28 10:39:48.115  INFO 14988 --- [RMI TCP Connection(21)-127.0.0.1] com.zaxxer.hikari.HikariDataSource       : HikariPool-1 - Shutdown completed.
